# On branch master
# Changes not staged for commit:
#   (use "git add/rm <file>..." to update what will be committed)
#   (use "git checkout -- <file>..." to discard changes in working directory)
#
#	modified:   sites/all/modules/makingitmag_display_suite/makingitmag_display_suite.info
#	modified:   sites/all/modules/makinitmag/makinitmag.info
#	deleted:    sites/all/modules/user_badges/LICENSE.txt
#	deleted:    sites/all/modules/user_badges/README.txt
#	deleted:    sites/all/modules/user_badges/includes/views/user_badges.views.inc
#	deleted:    sites/all/modules/user_badges/includes/views/views_handler_field_user_badges_badges_badge.inc
#	deleted:    sites/all/modules/user_badges/includes/views/views_handler_field_user_badges_user_uid.inc
#	deleted:    sites/all/modules/user_badges/includes/views/views_handler_filter_user_badges_user_type.inc
#	deleted:    sites/all/modules/user_badges/user_badges.actions.inc
#	deleted:    sites/all/modules/user_badges/user_badges.admin.inc
#	deleted:    sites/all/modules/user_badges/user_badges.api.php
#	deleted:    sites/all/modules/user_badges/user_badges.autoassignrole.inc
#	deleted:    sites/all/modules/user_badges/user_badges.info
#	deleted:    sites/all/modules/user_badges/user_badges.install
#	deleted:    sites/all/modules/user_badges/user_badges.module
#	deleted:    sites/all/modules/user_badges/user_badges.rules.inc
#	deleted:    sites/all/modules/user_badges/user_badges.tokens.inc
#	deleted:    sites/all/modules/user_picture_default/LICENSE.txt
#	deleted:    sites/all/modules/user_picture_default/README.txt
#	deleted:    sites/all/modules/user_picture_default/user_picture_default.info
#	deleted:    sites/all/modules/user_picture_default/user_picture_default.install
#	deleted:    sites/all/modules/user_picture_default/user_picture_default.module
#
# Untracked files:
#   (use "git add <file>..." to include in what will be committed)
#
#	sites/all/modules/mim_block_post_updates/
no changes added to commit (use "git add" and/or "git commit -a")
The following extensions will be disabled: wysiwyg, wysiwyg_linebreaks
Do you really want to continue? (y/n): wysiwyg was disabled successfully.                                                       [1;32;40m[1m[ok][0m
wysiwyg_linebreaks was disabled successfully.                                            [1;32;40m[1m[ok][0m
Checking available update data ...                                                       [1;32;40m[1m[ok][0m
Failed to check available update data for blog_post.                                     [1;32;40m[1m[ok][0m
Failed to check available update data for King of the Mix.                               [1;32;40m[1m[ok][0m
Failed to check available update data for Makingitmag Display Suite.                     [1;32;40m[1m[ok][0m
Failed to check available update data for Makinitmag.                                    [1;32;40m[1m[ok][0m
Failed to check available update data for MIM Press Update.                              [1;32;40m[1m[ok][0m
Failed to check available update data for opportunity.                                   [1;32;40m[1m[ok][0m
Failed to check available update data for Programs &amp; Services.                       [1;32;40m[1m[ok][0m
Failed to check available update data for Purchase Form.                                 [1;32;40m[1m[ok][0m
Failed to get available update data for 8 projects.                                      [31;40m[1m[error][0m
Update information last refreshed: Tue, 04/14/2015 - 1:10pm

Update status information on all installed and enabled Drupal projects:
 Name                          Install  Propose  Status                                             
                               ed       d                                                           
                               version  version                                                     
 Address Field (addressfield)  7.x-1.0  7.x-1.0  Up to date                                         
 Administration menu           7.x-3.0  7.x-3.0  Up to date                                         
 (admin_menu)                  -rc5     -rc5                                                        
 Better Formats                7.x-1.0  7.x-1.0  Up to date                                         
 (better_formats)              -beta1   -beta1                                                      
 Drupal                        7.36     7.36     Up to date                                         
 Charts (charts)               7.x-2.0  7.x-2.0  Up to date                                         
                               -rc1     -rc1                                                        
 Node clone (node_clone)       7.x-1.0  7.x-1.0  Up to date                                         
                               -rc2     -rc2                                                        
 Commerce (commerce)           7.x-1.1  7.x-1.1  Up to date                                         
                               1        1                                                           
 Commerce Backoffice           7.x-1.4  7.x-1.4  Up to date                                         
 (commerce_backoffice)                                                                              
 Commerce Discount             7.x-1.0  7.x-1.0  Up to date                                         
 (commerce_discount)           -alpha4  -alpha4                                                     
 Commerce Google Analytics     7.x-1.1  7.x-1.1  Up to date                                         
 (commerce_google_analytics)                                                                        
 Commerce License              7.x-1.3  7.x-1.3  Up to date                                         
 (commerce_license)                                                                                 
 PayPal (commerce_paypal)      7.x-2.3  7.x-2.3  Up to date                                         
 Commerce Price Savings        7.x-1.4  7.x-1.4  Up to date                                         
 Formatter                                                                                          
 (commerce_price_savings_form                                                                       
 atter)                                                                                             
 Reports (commerce_reports)    7.x-4.0  7.x-4.0  Up to date                                         
                               -beta1   -beta1                                                      
 Commerce Stock API            7.x-2.1  7.x-2.1  Up to date                                         
 (commerce_stock)                                                                                   
 Commerce Webform              7.x-2.0  7.x-2.0  Up to date                                         
 (commerce_webform)            -alpha3  -alpha3                                                     
 Computed Field                7.x-1.0  7.x-1.0  Up to date                                         
 (computed_field)                                                                                   
 Conditional Fields            7.x-3.0  7.x-3.0  Up to date                                         
 (conditional_fields)          -alpha1  -alpha1                                                     
 Chaos tools (ctools)          7.x-1.7  7.x-1.7  Up to date                                         
 Custom Username Validation    7.x-1.1  7.x-1.1  Up to date                                         
 (custom_username_validation)                                                                       
 Date (date)                   7.x-2.8  7.x-2.8  Up to date                                         
 Commerce Cart Ajax            7.x-1.0  7.x-1.0  Up to date                                         
 (dc_cart_ajax)                                                                                     
 Devel (devel)                 7.x-1.5  7.x-1.5  Up to date                                         
 Display Suite (ds)            7.x-2.7  7.x-2.7  Up to date                                         
                               +27-dev  +27-dev                                                     
 Email (email)                 7.x-1.3  7.x-1.3  Up to date                                         
 Embedded Media Field          7.x-1.0  7.x-1.0  Up to date                                         
 (emfield)                     -alpha2  -alpha2                                                     
 Entity API (entity)           7.x-1.6  7.x-1.6  Up to date                                         
 Entity to Text (entity2text)  7.x-1.0  7.x-1.0  Up to date                                         
                               -alpha2  -alpha2                                                     
 Entity Bundle Plugin          7.x-1.0  7.x-1.0  Up to date                                         
 (entity_bundle_plugin)        -beta2   -beta2                                                      
 Entity Rules (entity_rules)   7.x-1.0  7.x-1.0  Up to date                                         
                               -alpha4  -alpha4                                                     
 Entity view modes             7.x-1.0  7.x-1.0  Up to date                                         
 (entity_view_mode)            -rc1     -rc1                                                        
 Entityforms (entityform)      7.x-2.0  7.x-2.0  Up to date                                         
                               -rc1     -rc1                                                        
 Entity Reference              7.x-1.1  7.x-1.1  Up to date                                         
 (entityreference)                                                                                  
 Entity reference prepopulate  7.x-1.5  7.x-1.5  Up to date                                         
 (entityreference_prepopulate                                                                       
 )                                                                                                  
 Eva (eva)                     7.x-1.2  7.x-1.2  Up to date                                         
 External Links (extlink)      7.x-1.1  7.x-1.1  Up to date                                         
                               8        8                                                           
 Facebook Rules                7.x-1.4  7.x-1.4  Up to date                                         
 (facebook_rules)                                                                                   
 fb social (fb_social)         7.x-2.0  7.x-2.0  Up to date                                         
                               -beta4+  -beta4+                                                     
                               4-dev    4-dev                                                       
 Facebook OAuth (fboauth)      7.x-1.7  7.x-1.7  Up to date                                         
 Features (features)           7.x-2.4  7.x-2.5  Update available                                   
 Field default token           7.x-1.2  7.x-1.2  Up to date                                         
 (field_default_token)         +6-dev   +6-dev                                                      
 Field Group (field_group)     7.x-1.4  7.x-1.4  Up to date                                         
 Field Validation              7.x-2.4  7.x-2.4  Up to date                                         
 (field_validation)                                                                                 
 Media (media)                 7.x-1.5  7.x-1.5  Up to date                                         
 Fivestar (fivestar)           7.x-2.1  7.x-2.1  Up to date                                         
 Flag (flag)                   7.x-3.6  7.x-3.6  Up to date                                         
 Google Analytics              7.x-1.4  7.x-1.4  Up to date                                         
 (google_analytics)                                                                                 
 Image crop (imagefield_crop)  7.x-1.1  7.x-1.1  Up to date                                         
 Image style flush             7.x-1.2  7.x-1.2  Up to date                                         
 (imagestyleflush)                                                                                  
 Inline Conditions             7.x-1.0  7.x-1.0  Up to date                                         
 (inline_conditions)           -alpha4  -alpha4                                                     
 Inline Entity Form            7.x-1.5  7.x-1.5  Up to date                                         
 (inline_entity_form)                                                                               
 Libraries (libraries)         7.x-2.2  7.x-2.2  Up to date                                         
 Link (link)                   7.x-1.3  7.x-1.3  Up to date                                         
 Location (location)           7.x-3.6  7.x-3.6  Up to date                                         
 LoginToboggan                 7.x-1.4  7.x-1.4  Up to date                                         
 (logintoboggan)                                                                                    
 MailChimp (mailchimp)         7.x-3.2  7.x-3.2  Up to date                                         
 Mail System (mailsystem)      7.x-3.0  7.x-3.0  Up to date                                         
                               -alpha1  -alpha1                                                     
                               +8-dev   +8-dev                                                      
 Mandrill (mandrill)           7.x-2.1  7.x-2.1  Up to date                                         
 Maxlength (maxlength)         7.x-3.2  7.x-3.2  Up to date                                         
 Media: SoundCloud             7.x-1.0  7.x-1.0  Up to date                                         
 (media_soundcloud)                                                                                 
 Media: Vimeo (media_vimeo)    7.x-2.0  7.x-2.0  Up to date                                         
 Media: YouTube                7.x-2.0  7.x-2.0  Up to date                                         
 (media_youtube)               -rc5     -rc5                                                        
 Metatag (metatag)             7.x-1.5  7.x-1.5  Up to date                                         
                               -beta1   -beta1                                                      
 Mime Mail (mimemail)          7.x-1.0  7.x-1.0  Up to date                                         
                               -beta3   -beta3                                                      
 Module filter                 7.x-2.0  7.x-2.0  Up to date                                         
 (module_filter)                                                                                    
 Mollom (mollom)               7.x-2.1  7.x-2.1  Up to date                                         
                               3        3                                                           
 Nice messages (nicemessages)  7.x-2.1  7.x-2.1  Up to date                                         
 Node Limit (node_limit)       7.x-1.0  7.x-1.0  Up to date                                         
                               -alpha5  -alpha5                                                     
                               +4-dev   +4-dev                                                      
 oauth                         7.x-3.2  7.x-3.2  Up to date                                         
 On The Web (on_the_web)       7.x-1.5  7.x-1.5  Up to date                                         
 Panels (panels)               7.x-3.5  7.x-3.5  Up to date                                         
 Pathauto (pathauto)           7.x-1.2  7.x-1.2  Up to date                                         
 Private messages              7.x-2.x  7.x-2.x  Up to date                                         
 (privatemsg)                  -dev     -dev                                                        
 Prepopulate (prepopulate)     7.x-2.0  7.x-2.0  Up to date                                         
 Profile2 (profile2)           7.x-1.3  7.x-1.3  Up to date                                         
 Quantcast (quantcast)         7.x-2.0  7.x-2.0  Up to date                                         
                               -rc1     -rc1                                                        
 Redirect (redirect)           7.x-1.0  7.x-1.0  Up to date                                         
                               -rc1     -rc1                                                        
 Reg With Pic (reg_with_pic)   7.x-1.0  7.x-1.0  Up to date                                         
 Role Expire (role_expire)     7.x-1.0  7.x-1.0  Up to date                                         
                               -beta1+  -beta1+                                                     
                               6-dev    6-dev                                                       
 Rules (rules)                 7.x-2.9  7.x-2.9  Up to date                                         
 Conditional Rules             7.x-1.0  7.x-1.0  Up to date                                         
 (rules_conditional)           -beta2   -beta2                                                      
 Rules switch user             7.x-1.x  7.x-1.x  Up to date                                         
 (rules_switch_user)           -dev     -dev                                                        
 Search 404 (search404)        7.x-1.3  7.x-1.3  Up to date                                         
 ShareThis (sharethis)         7.x-2.1  7.x-2.1  Up to date                                         
                               0        0                                                           
 simplehtmldom API             7.x-1.1  7.x-1.1  Up to date                                         
 (simplehtmldom)               2        2                                                           
 Strongarm (strongarm)         7.x-2.0  7.x-2.0  Up to date                                         
 Telephone (telephone)         7.x-1.0  7.x-1.0  Up to date                                         
                               -alpha1  -alpha1                                                     
 ThemeKey (themekey)           7.x-3.3  7.x-3.3  Up to date                                         
 Token (token)                 7.x-1.6  7.x-1.6  Up to date                                         
 Twilio (twilio)               7.x-1.1  7.x-1.1  Up to date                                         
                               0        0                                                           
 Twitter (twitter)             7.x-5.8  7.x-5.8  Up to date                                         
 Views (views)                 7.x-3.1  7.x-3.1  Up to date                                         
                               0        0                                                           
 Views Bulk Operations         7.x-3.2  7.x-3.2  Up to date                                         
 (views_bulk_operations)                                                                            
 Views Data Export             7.x-3.0  7.x-3.0  Up to date                                         
 (views_data_export)           -beta8   -beta8                                                      
 Views Date Format SQL         7.x-3.1  7.x-3.1  Up to date                                         
 (views_date_format_sql)                                                                            
 Views megarow                 7.x-1.4  7.x-1.4  Up to date                                         
 (views_megarow)                                                                                    
 Views Responsive Grid         7.x-1.3  7.x-1.3  Up to date                                         
 (views_responsive_grid)                                                                            
 Views RSS (views_rss)         7.x-2.0  7.x-2.0  Up to date                                         
                               -rc4     -rc4                                                        
 Voting Rules (voting_rules)   7.x-1.0  7.x-1.0  Up to date                                         
                               -alpha1  -alpha1                                                     
 Voting API (votingapi)        7.x-2.1  7.x-2.1  Up to date                                         
                               2        2                                                           
 Webform (webform)             7.x-4.7  7.x-4.7  Up to date                                         
 Webform Reply-To              7.x-2.0  7.x-2.0  Up to date                                         
 (webform_reply_to)                                                                                 
 Webform Rules                 7.x-1.6  7.x-1.6  Up to date                                         
 (webform_rules)                                                                                    
 Webform Validation            7.x-1.9  7.x-1.9  Up to date                                         
 (webform_validation)                                                                               
 Workflow API (workflow)       7.x-2.5  7.x-2.5  Up to date                                         
 AT Core (adaptivetheme)       7.x-3.2  7.x-3.2  Up to date                                         
 Corolla (corolla)             7.x-3.0  7.x-3.0  Up to date                                         
 Back To Top (back_to_top)     7.x-1.4  7.x-1.4  Up to date                                         
 Browscap (browscap)           7.x-2.2  7.x-2.2  Up to date                                         
 Cloud Files (cloud_files)     7.x-1.2  7.x-1.2  Up to date                                         
 Commerce Checkout Redirect    7.x-2.0  7.x-2.0  Up to date                                         
 (commerce_checkout_redirect)  -rc1     -rc1                                                        
 Physical Product              7.x-1.x  7.x-1.x  Up to date                                         
 (commerce_physical)           -dev     -dev                                                        
 Shipping (commerce_shipping)  7.x-2.2  7.x-2.2  Up to date                                         
 USPS (commerce_usps)          7.x-2.x  7.x-2.x  Up to date                                         
                               -dev     -dev                                                        
 Context (context)             7.x-3.6  7.x-3.6  Up to date                                         
 Theme developer               7.x-1.x  7.x-1.x  Up to date                                         
 (devel_themer)                -dev     -dev                                                        
 Display Suite Extra Layouts   7.x-1.1  7.x-1.1  Up to date                                         
 (ds_extra_layouts)                                                                                 
 Feeds (feeds)                 7.x-2.0  7.x-2.0  Up to date                                         
                               -alpha8  -alpha8                                                     
 Goals (goals)                 7.x-1.3  7.x-1.3  Up to date                                         
 Job Scheduler                 7.x-2.0  7.x-2.0  Up to date                                         
 (job_scheduler)               -alpha3  -alpha3                                                     
 jQuery Update                 7.x-2.5  7.x-2.5  Up to date                                         
 (jquery_update)                                                                                    
 Physical Fields (physical)    7.x-1.x  7.x-1.x  Up to date                                         
                               -dev     -dev                                                        
 User Referral 2 (referral)    7.x-1.0  7.x-1.0  Up to date                                         
                               -beta4   -beta4                                                      
 Registration (registration)   7.x-1.4  7.x-1.4  Up to date                                         
 Registration Commerce         7.x-1.0  7.x-1.0  Up to date                                         
 (registration_commerce)       -beta1   -beta1                                                      
 Site Disclaimer               7.x-1.2  7.x-1.2  Up to date                                         
 (site_disclaimer)                                                                                  
 SMTP Authentication Support   7.x-1.2  7.x-1.2  Up to date                                         
 (smtp)                                                                                             
 Ultimate Cron                 7.x-2.0  7.x-2.0  Up to date                                         
 (ultimate_cron)               -beta8   -beta8                                                      
 Userpoints (userpoints)       7.x-1.0  7.x-1.0  Up to date                                         
 Views Ticker (views_ticker)   7.x-2.0  7.x-2.0  Up to date                                         
 Webform Countdown             7.x-1.0  7.x-1.0  Up to date                                         
 (webform_countdown)           -beta5   -beta5                                                      
 Webform Template              7.x-1.4  7.x-1.4  Up to date                                         
 (webform_template)                                                                                 
 Wysiwyg (wysiwyg)             7.x-2.2  7.x-2.2  Specified version not found                        
 Wysiwyg Linebreaks            7.x-1.6  7.x-1.6  Up to date                                         
 (wysiwyg_linebreaks)                                                                               



No code updates available.                                                               [1;32;40m[1m[ok][0m
Checking available update data ...                                                       [1;32;40m[1m[ok][0m
Failed to check available update data for blog_post.                                     [1;32;40m[1m[ok][0m
Failed to check available update data for King of the Mix.                               [1;32;40m[1m[ok][0m
Failed to check available update data for Makingitmag Display Suite.                     [1;32;40m[1m[ok][0m
Failed to check available update data for Makinitmag.                                    [1;32;40m[1m[ok][0m
Failed to check available update data for MIM Press Update.                              [1;32;40m[1m[ok][0m
Failed to check available update data for opportunity.                                   [1;32;40m[1m[ok][0m
Failed to check available update data for Programs &amp; Services.                       [1;32;40m[1m[ok][0m
Failed to check available update data for Purchase Form.                                 [1;32;40m[1m[ok][0m
Failed to get available update data for 8 projects.                                      [31;40m[1m[error][0m
Update information last refreshed: Tue, 04/14/2015 - 1:22pm

Update status information on all installed and enabled Drupal projects:
 Name                          Install  Propose  Status                                             
                               ed       d                                                           
                               version  version                                                     
 Address Field (addressfield)  7.x-1.0  7.x-1.0  Up to date                                         
 Administration menu           7.x-3.0  7.x-3.0  Up to date                                         
 (admin_menu)                  -rc5     -rc5                                                        
 Better Formats                7.x-1.0  7.x-1.0  Up to date                                         
 (better_formats)              -beta1   -beta1                                                      
 Drupal                        7.36     7.36     Up to date                                         
 Charts (charts)               7.x-2.0  7.x-2.0  Up to date                                         
                               -rc1     -rc1                                                        
 Node clone (node_clone)       7.x-1.0  7.x-1.0  Up to date                                         
                               -rc2     -rc2                                                        
 Commerce (commerce)           7.x-1.1  7.x-1.1  Up to date                                         
                               1        1                                                           
 Commerce Backoffice           7.x-1.4  7.x-1.4  Up to date                                         
 (commerce_backoffice)                                                                              
 Commerce Discount             7.x-1.0  7.x-1.0  Up to date                                         
 (commerce_discount)           -alpha4  -alpha4                                                     
 Commerce Google Analytics     7.x-1.1  7.x-1.1  Up to date                                         
 (commerce_google_analytics)                                                                        
 Commerce License              7.x-1.3  7.x-1.3  Up to date                                         
 (commerce_license)                                                                                 
 PayPal (commerce_paypal)      7.x-2.3  7.x-2.3  Up to date                                         
 Commerce Price Savings        7.x-1.4  7.x-1.4  Up to date                                         
 Formatter                                                                                          
 (commerce_price_savings_form                                                                       
 atter)                                                                                             
 Reports (commerce_reports)    7.x-4.0  7.x-4.0  Up to date                                         
                               -beta1   -beta1                                                      
 Commerce Stock API            7.x-2.1  7.x-2.1  Up to date                                         
 (commerce_stock)                                                                                   
 Commerce Webform              7.x-2.0  7.x-2.0  Up to date                                         
 (commerce_webform)            -alpha3  -alpha3                                                     
 Computed Field                7.x-1.0  7.x-1.0  Up to date                                         
 (computed_field)                                                                                   
 Conditional Fields            7.x-3.0  7.x-3.0  Up to date                                         
 (conditional_fields)          -alpha1  -alpha1                                                     
 Chaos tools (ctools)          7.x-1.7  7.x-1.7  Up to date                                         
 Custom Username Validation    7.x-1.1  7.x-1.1  Up to date                                         
 (custom_username_validation)                                                                       
 Date (date)                   7.x-2.8  7.x-2.8  Up to date                                         
 Commerce Cart Ajax            7.x-1.0  7.x-1.0  Up to date                                         
 (dc_cart_ajax)                                                                                     
 Devel (devel)                 7.x-1.5  7.x-1.5  Up to date                                         
 Display Suite (ds)            7.x-2.7  7.x-2.7  Up to date                                         
                               +27-dev  +27-dev                                                     
 Email (email)                 7.x-1.3  7.x-1.3  Up to date                                         
 Embedded Media Field          7.x-1.0  7.x-1.0  Up to date                                         
 (emfield)                     -alpha2  -alpha2                                                     
 Entity API (entity)           7.x-1.6  7.x-1.6  Up to date                                         
 Entity to Text (entity2text)  7.x-1.0  7.x-1.0  Up to date                                         
                               -alpha2  -alpha2                                                     
 Entity Bundle Plugin          7.x-1.0  7.x-1.0  Up to date                                         
 (entity_bundle_plugin)        -beta2   -beta2                                                      
 Entity Rules (entity_rules)   7.x-1.0  7.x-1.0  Up to date                                         
                               -alpha4  -alpha4                                                     
 Entity view modes             7.x-1.0  7.x-1.0  Up to date                                         
 (entity_view_mode)            -rc1     -rc1                                                        
 Entityforms (entityform)      7.x-2.0  7.x-2.0  Up to date                                         
                               -rc1     -rc1                                                        
 Entity Reference              7.x-1.1  7.x-1.1  Up to date                                         
 (entityreference)                                                                                  
 Entity reference prepopulate  7.x-1.5  7.x-1.5  Up to date                                         
 (entityreference_prepopulate                                                                       
 )                                                                                                  
 Eva (eva)                     7.x-1.2  7.x-1.2  Up to date                                         
 External Links (extlink)      7.x-1.1  7.x-1.1  Up to date                                         
                               8        8                                                           
 Facebook Rules                7.x-1.4  7.x-1.4  Up to date                                         
 (facebook_rules)                                                                                   
 fb social (fb_social)         7.x-2.0  7.x-2.0  Up to date                                         
                               -beta4+  -beta4+                                                     
                               4-dev    4-dev                                                       
 Facebook OAuth (fboauth)      7.x-1.7  7.x-1.7  Up to date                                         
 Features (features)           7.x-2.4  7.x-2.5  Update available                                   
 Field default token           7.x-1.2  7.x-1.2  Up to date                                         
 (field_default_token)         +6-dev   +6-dev                                                      
 Field Group (field_group)     7.x-1.4  7.x-1.4  Up to date                                         
 Field Validation              7.x-2.4  7.x-2.4  Up to date                                         
 (field_validation)                                                                                 
 Media (media)                 7.x-1.5  7.x-1.5  Up to date                                         
 Fivestar (fivestar)           7.x-2.1  7.x-2.1  Up to date                                         
 Flag (flag)                   7.x-3.6  7.x-3.6  Up to date                                         
 Google Analytics              7.x-1.4  7.x-1.4  Up to date                                         
 (google_analytics)                                                                                 
 Image crop (imagefield_crop)  7.x-1.1  7.x-1.1  Up to date                                         
 Image style flush             7.x-1.2  7.x-1.2  Up to date                                         
 (imagestyleflush)                                                                                  
 Inline Conditions             7.x-1.0  7.x-1.0  Up to date                                         
 (inline_conditions)           -alpha4  -alpha4                                                     
 Inline Entity Form            7.x-1.5  7.x-1.5  Up to date                                         
 (inline_entity_form)                                                                               
 Libraries (libraries)         7.x-2.2  7.x-2.2  Up to date                                         
 Link (link)                   7.x-1.3  7.x-1.3  Up to date                                         
 Location (location)           7.x-3.6  7.x-3.6  Up to date                                         
 LoginToboggan                 7.x-1.4  7.x-1.4  Up to date                                         
 (logintoboggan)                                                                                    
 MailChimp (mailchimp)         7.x-3.2  7.x-3.2  Up to date                                         
 Mail System (mailsystem)      7.x-3.0  7.x-3.0  Up to date                                         
                               -alpha1  -alpha1                                                     
                               +8-dev   +8-dev                                                      
 Mandrill (mandrill)           7.x-2.1  7.x-2.1  Up to date                                         
 Maxlength (maxlength)         7.x-3.2  7.x-3.2  Up to date                                         
 Media: SoundCloud             7.x-1.0  7.x-1.0  Up to date                                         
 (media_soundcloud)                                                                                 
 Media: Vimeo (media_vimeo)    7.x-2.0  7.x-2.0  Up to date                                         
 Media: YouTube                7.x-2.0  7.x-2.0  Up to date                                         
 (media_youtube)               -rc5     -rc5                                                        
 Metatag (metatag)             7.x-1.5  7.x-1.5  Up to date                                         
                               -beta1   -beta1                                                      
 Mime Mail (mimemail)          7.x-1.0  7.x-1.0  Up to date                                         
                               -beta3   -beta3                                                      
 Module filter                 7.x-2.0  7.x-2.0  Up to date                                         
 (module_filter)                                                                                    
 Mollom (mollom)               7.x-2.1  7.x-2.1  Up to date                                         
                               3        3                                                           
 Nice messages (nicemessages)  7.x-2.1  7.x-2.1  Up to date                                         
 Node Limit (node_limit)       7.x-1.0  7.x-1.0  Up to date                                         
                               -alpha5  -alpha5                                                     
                               +4-dev   +4-dev                                                      
 oauth                         7.x-3.2  7.x-3.2  Up to date                                         
 On The Web (on_the_web)       7.x-1.5  7.x-1.5  Up to date                                         
 Panels (panels)               7.x-3.5  7.x-3.5  Up to date                                         
 Pathauto (pathauto)           7.x-1.2  7.x-1.2  Up to date                                         
 Private messages              7.x-2.x  7.x-2.x  Up to date                                         
 (privatemsg)                  -dev     -dev                                                        
 Prepopulate (prepopulate)     7.x-2.0  7.x-2.0  Up to date                                         
 Profile2 (profile2)           7.x-1.3  7.x-1.3  Up to date                                         
 Quantcast (quantcast)         7.x-2.0  7.x-2.0  Up to date                                         
                               -rc1     -rc1                                                        
 Redirect (redirect)           7.x-1.0  7.x-1.0  Up to date                                         
                               -rc1     -rc1                                                        
 Reg With Pic (reg_with_pic)   7.x-1.0  7.x-1.0  Up to date                                         
 Role Expire (role_expire)     7.x-1.0  7.x-1.0  Up to date                                         
                               -beta1+  -beta1+                                                     
                               6-dev    6-dev                                                       
 Rules (rules)                 7.x-2.9  7.x-2.9  Up to date                                         
 Conditional Rules             7.x-1.0  7.x-1.0  Up to date                                         
 (rules_conditional)           -beta2   -beta2                                                      
 Rules switch user             7.x-1.x  7.x-1.x  Up to date                                         
 (rules_switch_user)           -dev     -dev                                                        
 Search 404 (search404)        7.x-1.3  7.x-1.3  Up to date                                         
 ShareThis (sharethis)         7.x-2.1  7.x-2.1  Up to date                                         
                               0        0                                                           
 simplehtmldom API             7.x-1.1  7.x-1.1  Up to date                                         
 (simplehtmldom)               2        2                                                           
 Strongarm (strongarm)         7.x-2.0  7.x-2.0  Up to date                                         
 Telephone (telephone)         7.x-1.0  7.x-1.0  Up to date                                         
                               -alpha1  -alpha1                                                     
 ThemeKey (themekey)           7.x-3.3  7.x-3.3  Up to date                                         
 Token (token)                 7.x-1.6  7.x-1.6  Up to date                                         
 Twilio (twilio)               7.x-1.1  7.x-1.1  Up to date                                         
                               0        0                                                           
 Twitter (twitter)             7.x-5.8  7.x-5.8  Up to date                                         
 Views (views)                 7.x-3.1  7.x-3.1  Up to date                                         
                               0        0                                                           
 Views Bulk Operations         7.x-3.2  7.x-3.2  Up to date                                         
 (views_bulk_operations)                                                                            
 Views Data Export             7.x-3.0  7.x-3.0  Up to date                                         
 (views_data_export)           -beta8   -beta8                                                      
 Views Date Format SQL         7.x-3.1  7.x-3.1  Up to date                                         
 (views_date_format_sql)                                                                            
 Views megarow                 7.x-1.4  7.x-1.4  Up to date                                         
 (views_megarow)                                                                                    
 Views Responsive Grid         7.x-1.3  7.x-1.3  Up to date                                         
 (views_responsive_grid)                                                                            
 Views RSS (views_rss)         7.x-2.0  7.x-2.0  Up to date                                         
                               -rc4     -rc4                                                        
 Voting Rules (voting_rules)   7.x-1.0  7.x-1.0  Up to date                                         
                               -alpha1  -alpha1                                                     
 Voting API (votingapi)        7.x-2.1  7.x-2.1  Up to date                                         
                               2        2                                                           
 Webform (webform)             7.x-4.7  7.x-4.7  Up to date                                         
 Webform Reply-To              7.x-2.0  7.x-2.0  Up to date                                         
 (webform_reply_to)                                                                                 
 Webform Rules                 7.x-1.6  7.x-1.6  Up to date                                         
 (webform_rules)                                                                                    
 Webform Validation            7.x-1.9  7.x-1.9  Up to date                                         
 (webform_validation)                                                                               
 Workflow API (workflow)       7.x-2.5  7.x-2.5  Up to date                                         
 AT Core (adaptivetheme)       7.x-3.2  7.x-3.2  Up to date                                         
 Corolla (corolla)             7.x-3.0  7.x-3.0  Up to date                                         
 Back To Top (back_to_top)     7.x-1.4  7.x-1.4  Up to date                                         
 Browscap (browscap)           7.x-2.2  7.x-2.2  Up to date                                         
 Cloud Files (cloud_files)     7.x-1.2  7.x-1.2  Up to date                                         
 Commerce Checkout Redirect    7.x-2.0  7.x-2.0  Up to date                                         
 (commerce_checkout_redirect)  -rc1     -rc1                                                        
 Physical Product              7.x-1.x  7.x-1.x  Up to date                                         
 (commerce_physical)           -dev     -dev                                                        
 Shipping (commerce_shipping)  7.x-2.2  7.x-2.2  Up to date                                         
 USPS (commerce_usps)          7.x-2.x  7.x-2.x  Up to date                                         
                               -dev     -dev                                                        
 Context (context)             7.x-3.6  7.x-3.6  Up to date                                         
 Theme developer               7.x-1.x  7.x-1.x  Up to date                                         
 (devel_themer)                -dev     -dev                                                        
 Display Suite Extra Layouts   7.x-1.1  7.x-1.1  Up to date                                         
 (ds_extra_layouts)                                                                                 
 Feeds (feeds)                 7.x-2.0  7.x-2.0  Up to date                                         
                               -alpha8  -alpha8                                                     
 Goals (goals)                 7.x-1.3  7.x-1.3  Up to date                                         
 Job Scheduler                 7.x-2.0  7.x-2.0  Up to date                                         
 (job_scheduler)               -alpha3  -alpha3                                                     
 jQuery Update                 7.x-2.5  7.x-2.5  Up to date                                         
 (jquery_update)                                                                                    
 Physical Fields (physical)    7.x-1.x  7.x-1.x  Up to date                                         
                               -dev     -dev                                                        
 User Referral 2 (referral)    7.x-1.0  7.x-1.0  Up to date                                         
                               -beta4   -beta4                                                      
 Registration (registration)   7.x-1.4  7.x-1.4  Up to date                                         
 Registration Commerce         7.x-1.0  7.x-1.0  Up to date                                         
 (registration_commerce)       -beta1   -beta1                                                      
 Site Disclaimer               7.x-1.2  7.x-1.2  Up to date                                         
 (site_disclaimer)                                                                                  
 SMTP Authentication Support   7.x-1.2  7.x-1.2  Up to date                                         
 (smtp)                                                                                             
 Ultimate Cron                 7.x-2.0  7.x-2.0  Up to date                                         
 (ultimate_cron)               -beta8   -beta8                                                      
 Userpoints (userpoints)       7.x-1.0  7.x-1.0  Up to date                                         
 Views Ticker (views_ticker)   7.x-2.0  7.x-2.0  Up to date                                         
 Webform Countdown             7.x-1.0  7.x-1.0  Up to date                                         
 (webform_countdown)           -beta5   -beta5                                                      
 Webform Template              7.x-1.4  7.x-1.4  Up to date                                         
 (webform_template)                                                                                 
 Wysiwyg (wysiwyg)             7.x-2.2  7.x-2.x  Specified version available                        
                                        -dev                                                        
 Wysiwyg Linebreaks            7.x-1.6  7.x-1.6  Up to date                                         
 (wysiwyg_linebreaks)                                                                               



Code updates will be made to the following projects: Wysiwyg [wysiwyg-7.x-2.x-dev]

Note: A backup of your project will be stored to backups directory if it is not managed by a supported version control system.
Note: If you have made any modifications to any file that belongs to one of these projects, you will have to migrate those modifications after updating.
Do you really want to continue with the update process? (y/n): Project wysiwyg was updated successfully. Installed version is now 7.x-2.x-dev.
Backups were saved into the directory                                                    [1;32;40m[1m[ok][0m
/home/sroy/drush-backups/sroy/20150414172320/modules/wysiwyg.
'all' cache was cleared in /home/sroy/public_html#sroy                                   [1;32;40m[1m[success][0m
The following updates are pending:

wysiwyg module : 
  7201 -   Update enabled font plugin buttons to default plugin in TinyMCE profiles. 
  7202 -   Update internal names of settings. 

Do you wish to run all pending updates? (y/n): y
Performed update: wysiwyg_update_7201                                                    [1;32;40m[1m[ok][0m
Performed update: wysiwyg_update_7202                                                    [1;32;40m[1m[ok][0m
Finished performing updates.                                                             [1;32;40m[1m[ok][0m
The following extensions will be enabled: wysiwyg
Do you really want to continue? (y/n): wysiwyg was enabled successfully.                                                        [1;32;40m[1m[ok][0m
The following extensions will be enabled: wysiwyg_linebreaks
Do you really want to continue? (y/n): Do you really want to continue? (y/n): wysiwyg_linebreaks was enabled successfully.                                             [1;32;40m[1m[ok][0m
Command pm-update needs a higher bootstrap level to run - you will need to invoke drush  [31;40m[1m[error][0m
from a more functional Drupal environment to run this command.
Command pm-update needs the following modules installed/enabled to run: update.          [31;40m[1m[error][0m
The drush command 'up' could not be executed.                                            [31;40m[1m[error][0m
A Drupal installation directory could not be found                                       [31;40m[1m[error][0m
Unknown option: --nore-core.  See `drush help pm-update` for available options. To       [31;40m[1m[error][0m
suppress this error, add the option --strict=0.
Checking available update data ...                                                       [1;32;40m[1m[ok][0m
Failed to check available update data for blog_post.                                     [1;32;40m[1m[ok][0m
Failed to check available update data for King of the Mix.                               [1;32;40m[1m[ok][0m
Failed to check available update data for Makingitmag Display Suite.                     [1;32;40m[1m[ok][0m
Failed to check available update data for Makinitmag.                                    [1;32;40m[1m[ok][0m
Failed to check available update data for MIM Press Update.                              [1;32;40m[1m[ok][0m
Failed to check available update data for opportunity.                                   [1;32;40m[1m[ok][0m
Failed to check available update data for Programs &amp; Services.                       [1;32;40m[1m[ok][0m
Failed to check available update data for Purchase Form.                                 [1;32;40m[1m[ok][0m
Failed to get available update data for 8 projects.                                      [31;40m[1m[error][0m
Update information last refreshed: Tue, 04/14/2015 - 4:30pm

Update status information on all installed and enabled Drupal projects:
 Name                          Install  Propose  Status                                             
                               ed       d                                                           
                               version  version                                                     
 Address Field (addressfield)  7.x-1.0  7.x-1.0  Up to date                                         
 Administration menu           7.x-3.0  7.x-3.0  Up to date                                         
 (admin_menu)                  -rc5     -rc5                                                        
 Better Formats                7.x-1.0  7.x-1.0  Up to date                                         
 (better_formats)              -beta1   -beta1                                                      
 Drupal                        7.36     7.36     Up to date                                         
 Charts (charts)               7.x-2.0  7.x-2.0  Up to date                                         
                               -rc1     -rc1                                                        
 Node clone (node_clone)       7.x-1.0  7.x-1.0  Up to date                                         
                               -rc2     -rc2                                                        
 Commerce (commerce)           7.x-1.1  7.x-1.1  Up to date                                         
                               1        1                                                           
 Commerce Backoffice           7.x-1.4  7.x-1.4  Up to date                                         
 (commerce_backoffice)                                                                              
 Commerce Discount             7.x-1.0  7.x-1.0  Up to date                                         
 (commerce_discount)           -alpha4  -alpha4                                                     
 Commerce Google Analytics     7.x-1.1  7.x-1.1  Up to date                                         
 (commerce_google_analytics)                                                                        
 Commerce License              7.x-1.3  7.x-1.3  Up to date                                         
 (commerce_license)                                                                                 
 PayPal (commerce_paypal)      7.x-2.3  7.x-2.3  Up to date                                         
 Commerce Price Savings        7.x-1.4  7.x-1.4  Up to date                                         
 Formatter                                                                                          
 (commerce_price_savings_form                                                                       
 atter)                                                                                             
 Reports (commerce_reports)    7.x-4.0  7.x-4.0  Up to date                                         
                               -beta1   -beta1                                                      
 Commerce Stock API            7.x-2.1  7.x-2.1  Up to date                                         
 (commerce_stock)                                                                                   
 Commerce Webform              7.x-2.0  7.x-2.0  Up to date                                         
 (commerce_webform)            -alpha3  -alpha3                                                     
 Computed Field                7.x-1.0  7.x-1.0  Up to date                                         
 (computed_field)                                                                                   
 Conditional Fields            7.x-3.0  7.x-3.0  Up to date                                         
 (conditional_fields)          -alpha1  -alpha1                                                     
 Chaos tools (ctools)          7.x-1.7  7.x-1.7  Up to date                                         
 Custom Username Validation    7.x-1.1  7.x-1.1  Up to date                                         
 (custom_username_validation)                                                                       
 Date (date)                   7.x-2.8  7.x-2.8  Up to date                                         
 Commerce Cart Ajax            7.x-1.0  7.x-1.0  Up to date                                         
 (dc_cart_ajax)                                                                                     
 Devel (devel)                 7.x-1.5  7.x-1.5  Up to date                                         
 Display Suite (ds)            7.x-2.7  7.x-2.x  Update available                                   
                               +27-dev  -dev                                                        
 Email (email)                 7.x-1.3  7.x-1.3  Up to date                                         
 Embedded Media Field          7.x-1.0  7.x-1.0  Up to date                                         
 (emfield)                     -alpha2  -alpha2                                                     
 Entity API (entity)           7.x-1.6  7.x-1.6  Up to date                                         
 Entity to Text (entity2text)  7.x-1.0  7.x-1.0  Up to date                                         
                               -alpha2  -alpha2                                                     
 Entity Bundle Plugin          7.x-1.0  7.x-1.0  Up to date                                         
 (entity_bundle_plugin)        -beta2   -beta2                                                      
 Entity Rules (entity_rules)   7.x-1.0  7.x-1.0  Up to date                                         
                               -alpha4  -alpha4                                                     
 Entity view modes             7.x-1.0  7.x-1.0  Up to date                                         
 (entity_view_mode)            -rc1     -rc1                                                        
 Entityforms (entityform)      7.x-2.0  7.x-2.0  Up to date                                         
                               -rc1     -rc1                                                        
 Entity Reference              7.x-1.1  7.x-1.1  Up to date                                         
 (entityreference)                                                                                  
 Entity reference prepopulate  7.x-1.5  7.x-1.5  Up to date                                         
 (entityreference_prepopulate                                                                       
 )                                                                                                  
 Eva (eva)                     7.x-1.2  7.x-1.2  Up to date                                         
 External Links (extlink)      7.x-1.1  7.x-1.1  Up to date                                         
                               8        8                                                           
 Facebook Rules                7.x-1.4  7.x-1.4  Up to date                                         
 (facebook_rules)                                                                                   
 fb social (fb_social)         7.x-2.0  7.x-2.0  Up to date                                         
                               -beta4+  -beta4+                                                     
                               4-dev    4-dev                                                       
 Facebook OAuth (fboauth)      7.x-1.7  7.x-1.7  Up to date                                         
 Features (features)           7.x-2.4  7.x-2.5  Update available                                   
 Field default token           7.x-1.2  7.x-1.2  Up to date                                         
 (field_default_token)         +6-dev   +6-dev                                                      
 Field Group (field_group)     7.x-1.4  7.x-1.4  Up to date                                         
 Field Validation              7.x-2.4  7.x-2.4  Up to date                                         
 (field_validation)                                                                                 
 Media (media)                 7.x-1.5  7.x-1.5  Up to date                                         
 Fivestar (fivestar)           7.x-2.1  7.x-2.1  Up to date                                         
 Flag (flag)                   7.x-3.6  7.x-3.6  Up to date                                         
 Google Analytics              7.x-1.4  7.x-1.4  Up to date                                         
 (google_analytics)                                                                                 
 Image crop (imagefield_crop)  7.x-1.1  7.x-1.1  Up to date                                         
 Image style flush             7.x-1.2  7.x-1.2  Up to date                                         
 (imagestyleflush)                                                                                  
 Inline Conditions             7.x-1.0  7.x-1.0  Up to date                                         
 (inline_conditions)           -alpha4  -alpha4                                                     
 Inline Entity Form            7.x-1.5  7.x-1.5  Up to date                                         
 (inline_entity_form)                                                                               
 Libraries (libraries)         7.x-2.2  7.x-2.2  Up to date                                         
 Link (link)                   7.x-1.3  7.x-1.3  Up to date                                         
 Location (location)           7.x-3.6  7.x-3.6  Up to date                                         
 LoginToboggan                 7.x-1.4  7.x-1.4  Up to date                                         
 (logintoboggan)                                                                                    
 MailChimp (mailchimp)         7.x-3.2  7.x-3.2  Up to date                                         
 Mail System (mailsystem)      7.x-3.0  7.x-3.0  Up to date                                         
                               -alpha1  -alpha1                                                     
                               +8-dev   +8-dev                                                      
 Mandrill (mandrill)           7.x-2.1  7.x-2.1  Up to date                                         
 Maxlength (maxlength)         7.x-3.2  7.x-3.2  Up to date                                         
 Media: SoundCloud             7.x-1.0  7.x-1.0  Up to date                                         
 (media_soundcloud)                                                                                 
 Media: Vimeo (media_vimeo)    7.x-2.0  7.x-2.0  Up to date                                         
 Media: YouTube                7.x-2.0  7.x-2.0  Up to date                                         
 (media_youtube)               -rc5     -rc5                                                        
 Metatag (metatag)             7.x-1.5  7.x-1.5  Up to date                                         
                               -beta1   -beta1                                                      
 Mime Mail (mimemail)          7.x-1.0  7.x-1.0  Up to date                                         
                               -beta3   -beta3                                                      
 Module filter                 7.x-2.0  7.x-2.0  Up to date                                         
 (module_filter)                                                                                    
 Mollom (mollom)               7.x-2.1  7.x-2.1  Up to date                                         
                               3        3                                                           
 Nice messages (nicemessages)  7.x-2.1  7.x-2.1  Up to date                                         
 Node Limit (node_limit)       7.x-1.0  7.x-1.0  Up to date                                         
                               -alpha5  -alpha5                                                     
                               +4-dev   +4-dev                                                      
 oauth                         7.x-3.2  7.x-3.2  Up to date                                         
 On The Web (on_the_web)       7.x-1.5  7.x-1.5  Up to date                                         
 Panels (panels)               7.x-3.5  7.x-3.5  Up to date                                         
 Pathauto (pathauto)           7.x-1.2  7.x-1.2  Up to date                                         
 Private messages              7.x-2.x  7.x-2.x  Up to date                                         
 (privatemsg)                  -dev     -dev                                                        
 Prepopulate (prepopulate)     7.x-2.0  7.x-2.0  Up to date                                         
 Profile2 (profile2)           7.x-1.3  7.x-1.3  Up to date                                         
 Quantcast (quantcast)         7.x-2.0  7.x-2.0  Up to date                                         
                               -rc1     -rc1                                                        
 Redirect (redirect)           7.x-1.0  7.x-1.0  Up to date                                         
                               -rc1     -rc1                                                        
 Reg With Pic (reg_with_pic)   7.x-1.0  7.x-1.0  Up to date                                         
 Role Expire (role_expire)     7.x-1.0  7.x-1.0  Up to date                                         
                               -beta1+  -beta1+                                                     
                               6-dev    6-dev                                                       
 Rules (rules)                 7.x-2.9  7.x-2.9  Up to date                                         
 Conditional Rules             7.x-1.0  7.x-1.0  Up to date                                         
 (rules_conditional)           -beta2   -beta2                                                      
 Rules switch user             7.x-1.x  7.x-1.x  Up to date                                         
 (rules_switch_user)           -dev     -dev                                                        
 Search 404 (search404)        7.x-1.3  7.x-1.3  Up to date                                         
 ShareThis (sharethis)         7.x-2.1  7.x-2.1  Up to date                                         
                               0        0                                                           
 simplehtmldom API             7.x-1.1  7.x-1.1  Up to date                                         
 (simplehtmldom)               2        2                                                           
 Strongarm (strongarm)         7.x-2.0  7.x-2.0  Up to date                                         
 Telephone (telephone)         7.x-1.0  7.x-1.0  Up to date                                         
                               -alpha1  -alpha1                                                     
 ThemeKey (themekey)           7.x-3.3  7.x-3.3  Up to date                                         
 Token (token)                 7.x-1.6  7.x-1.6  Up to date                                         
 Twilio (twilio)               7.x-1.1  7.x-1.1  Up to date                                         
                               0        0                                                           
 Twitter (twitter)             7.x-5.8  7.x-5.8  Up to date                                         
 Views (views)                 7.x-3.1  7.x-3.1  Up to date                                         
                               0        0                                                           
 Views Bulk Operations         7.x-3.2  7.x-3.2  Up to date                                         
 (views_bulk_operations)                                                                            
 Views Data Export             7.x-3.0  7.x-3.0  Up to date                                         
 (views_data_export)           -beta8   -beta8                                                      
 Views Date Format SQL         7.x-3.1  7.x-3.1  Up to date                                         
 (views_date_format_sql)                                                                            
 Views megarow                 7.x-1.4  7.x-1.4  Up to date                                         
 (views_megarow)                                                                                    
 Views Responsive Grid         7.x-1.3  7.x-1.3  Up to date                                         
 (views_responsive_grid)                                                                            
 Views RSS (views_rss)         7.x-2.0  7.x-2.0  Up to date                                         
                               -rc4     -rc4                                                        
 Voting Rules (voting_rules)   7.x-1.0  7.x-1.0  Up to date                                         
                               -alpha1  -alpha1                                                     
 Voting API (votingapi)        7.x-2.1  7.x-2.1  Up to date                                         
                               2        2                                                           
 Webform (webform)             7.x-4.7  7.x-4.7  Up to date                                         
 Webform Reply-To              7.x-2.0  7.x-2.0  Up to date                                         
 (webform_reply_to)                                                                                 
 Webform Rules                 7.x-1.6  7.x-1.6  Up to date                                         
 (webform_rules)                                                                                    
 Webform Validation            7.x-1.9  7.x-1.9  Up to date                                         
 (webform_validation)                                                                               
 Workflow API (workflow)       7.x-2.5  7.x-2.5  Up to date                                         
 Wysiwyg (wysiwyg)             7.x-2.2  7.x-2.2  Up to date                                         
                               +54-dev  +54-dev                                                     
 Wysiwyg Linebreaks            7.x-1.6  7.x-1.6  Up to date                                         
 (wysiwyg_linebreaks)                                                                               
 AT Core (adaptivetheme)       7.x-3.2  7.x-3.2  Up to date                                         
 Corolla (corolla)             7.x-3.0  7.x-3.0  Up to date                                         
 Back To Top (back_to_top)     7.x-1.4  7.x-1.4  Up to date                                         
 Browscap (browscap)           7.x-2.2  7.x-2.2  Up to date                                         
 Cloud Files (cloud_files)     7.x-1.2  7.x-1.2  Up to date                                         
 Commerce Checkout Redirect    7.x-2.0  7.x-2.0  Up to date                                         
 (commerce_checkout_redirect)  -rc1     -rc1                                                        
 Physical Product              7.x-1.x  7.x-1.x  Up to date                                         
 (commerce_physical)           -dev     -dev                                                        
 Shipping (commerce_shipping)  7.x-2.2  7.x-2.2  Up to date                                         
 USPS (commerce_usps)          7.x-2.x  7.x-2.x  Up to date                                         
                               -dev     -dev                                                        
 Context (context)             7.x-3.6  7.x-3.6  Up to date                                         
 Theme developer               7.x-1.x  7.x-1.x  Up to date                                         
 (devel_themer)                -dev     -dev                                                        
 Display Suite Extra Layouts   7.x-1.1  7.x-1.1  Up to date                                         
 (ds_extra_layouts)                                                                                 
 Feeds (feeds)                 7.x-2.0  7.x-2.0  Up to date                                         
                               -alpha8  -alpha8                                                     
 Goals (goals)                 7.x-1.3  7.x-1.3  Up to date                                         
 Job Scheduler                 7.x-2.0  7.x-2.0  Up to date                                         
 (job_scheduler)               -alpha3  -alpha3                                                     
 jQuery Update                 7.x-2.5  7.x-2.5  Up to date                                         
 (jquery_update)                                                                                    
 Physical Fields (physical)    7.x-1.x  7.x-1.x  Up to date                                         
                               -dev     -dev                                                        
 User Referral 2 (referral)    7.x-1.0  7.x-1.0  Up to date                                         
                               -beta4   -beta4                                                      
 Registration (registration)   7.x-1.4  7.x-1.4  Up to date                                         
 Registration Commerce         7.x-1.0  7.x-1.0  Up to date                                         
 (registration_commerce)       -beta1   -beta1                                                      
 Site Disclaimer               7.x-1.2  7.x-1.2  Up to date                                         
 (site_disclaimer)                                                                                  
 SMTP Authentication Support   7.x-1.2  7.x-1.2  Up to date                                         
 (smtp)                                                                                             
 Ultimate Cron                 7.x-2.0  7.x-2.0  Up to date                                         
 (ultimate_cron)               -beta8   -beta8                                                      
 Userpoints (userpoints)       7.x-1.0  7.x-1.0  Up to date                                         
 Views Ticker (views_ticker)   7.x-2.0  7.x-2.0  Up to date                                         
 Webform Countdown             7.x-1.0  7.x-1.0  Up to date                                         
 (webform_countdown)           -beta5   -beta5                                                      
 Webform Template              7.x-1.4  7.x-1.4  Up to date                                         
 (webform_template)                                                                                 



Code updates will be made to the following projects: Display Suite [ds-7.x-2.x-dev], Features [features-7.x-2.5]

Note: A backup of your project will be stored to backups directory if it is not managed by a supported version control system.
Note: If you have made any modifications to any file that belongs to one of these projects, you will have to migrate those modifications after updating.
Do you really want to continue with the update process? (y/n): Project ds was updated successfully. Installed version is now 7.x-2.x-dev.
Backups were saved into the directory                                                    [1;32;40m[1m[ok][0m
/home/sroy/drush-backups/sroy/20150414203348/modules/ds.
Project features was updated successfully. Installed version is now 7.x-2.5.
Backups were saved into the directory                                                    [1;32;40m[1m[ok][0m
/home/sroy/drush-backups/sroy/20150414203348/modules/features.
'all' cache was cleared in /home/sroy/public_html#sroy                                   [1;32;40m[1m[success][0m
No database updates required                                                             [1;32;40m[1m[success][0m
Finished performing updates.                                                             [1;32;40m[1m[ok][0m
Subject: Cron <root@elbow> /etc/webmin/package-updates/update.pl
Content-Type: text/plain; charset=ANSI_X3.4-1968
X-Cron-Env: <SHELL=/bin/sh>
X-Cron-Env: <HOME=/root>
X-Cron-Env: <PATH=/usr/bin:/bin>
X-Cron-Env: <LOGNAME=root>
Message-Id: <20150404022202.28F0084953@elbow.makinitmag.com>
Date: Fri,  3 Apr 2015 22:22:02 -0400 (EDT)

Error: SMTP command  failed :
Error
-----
SMTP command  failed :
-----
?  q
Saved 1 message in /home/sroy/mbox
Held 342 messages in /var/mail/sroy
sroy@elbow:~$ ls
BACKUPS         hardcopy.1  menu.sh          pantheon-helper-sync.sh     rsync.pantheon
CUSTOM_MODULES  htaccess    mimsum           PATCHES                     settings.php
drush-backups   log         MISC_FILES       public_html
hardcopy.0      mbox        pantheon-helper  rsync-exclude-pantheon.txt
You have new mail in /var/mail/sroy
sroy@elbow:~$
NAME

  terminus

DESCRIPTION

  Manage Pantheon through the command-line.

SYNOPSIS

  terminus <command>

SUBCOMMANDS

  art                View Pantheon artwork
  auth               Authenticate to Pantheon and store a local secret token.
  cli                Get information about Terminus itself.
  code               Commands specific to an environment
  drush              Invoke `drush` commands on a Pantheon development site
  help               Get help on a certain command.
  organizations
  products
  site               actions on an individual site
:
Apr 22 06:30:01 elbow CRON[3551]: (sroy) CMD (/usr/bin/env PATH=/usr/local/sbin:/usr/local/bin:/usr/sbin:/usr/bin:/sbin:/bin COLUMNS=72 /usr/bin/drush --root=/home/sroy/public_html --uri=sroy.makinitmag.com --quiet cron)
Apr 22 06:30:03 elbow postfix/pickup[26816]: 0AB8D84953: uid=1021 from=<sroy>
Apr 22 06:30:03 elbow postfix/qmgr[1317]: 0AB8D84953: from=<sroy@elbow.makinitmag.com>, size=2246, nrcpt=1 (queue active)
Apr 22 06:30:03 elbow postfix/local[3586]: 0AB8D84953: to=<sroy@elbow.makinitmag.com>, orig_to=<sroy>, relay=local, delay=0.32, delays=0.17/0.12/0/0.04, dsn=2.0.0, status=sent (delivered to mailbox)
Apr 22 07:10:01 elbow CRON[7294]: (sroy) CMD (/usr/bin/env PATH=/usr/local/sbin:/usr/local/bin:/usr/sbin:/usr/bin:/sbin:/bin COLUMNS=72 /usr/bin/drush --root=/home/sroy/public_html --uri=sroy.makinitmag.com --quiet cron)
Apr 22 07:10:09 elbow postfix/pickup[3713]: A23F284953: uid=1021 from=<sroy>
Apr 22 07:10:09 elbow postfix/qmgr[1317]: A23F284953: from=<sroy@elbow.makinitmag.com>, size=2246, nrcpt=1 (queue active)
Apr 22 07:10:10 elbow postfix/local[7343]: A23F284953: to=<sroy@elbow.makinitmag.com>, orig_to=<sroy>, relay=local, delay=0.58, delays=0.35/0.19/0/0.04, dsn=2.0.0, status=sent (delivered to mailbox)
Apr 22 07:30:01 elbow CRON[9293]: (sroy) CMD (/usr/bin/env PATH=/usr/local/sbin:/usr/local/bin:/usr/sbin:/usr/bin:/sbin:/bin COLUMNS=72 /usr/bin/drush --root=/home/sroy/public_html --uri=sroy.makinitmag.com --quiet cron)
Apr 22 07:30:03 elbow postfix/pickup[3713]: 5B67184953: uid=1021 from=<sroy>
Apr 22 07:30:03 elbow postfix/qmgr[1317]: 5B67184953: from=<sroy@elbow.makinitmag.com>, size=2246, nrcpt=1 (queue active)
Apr 22 07:30:03 elbow postfix/local[9330]: 5B67184953: to=<sroy@elbow.makinitmag.com>, orig_to=<sroy>, relay=local, delay=0.34, delays=0.14/0.1/0/0.09, dsn=2.0.0, status=sent (delivered to mailbox)
Apr 22 08:10:01 elbow CRON[13559]: (sroy) CMD (/usr/bin/env PATH=/usr/local/sbin:/usr/local/bin:/usr/sbin:/usr/bin:/sbin:/bin COLUMNS=72 /usr/bin/drush --root=/home/sroy/public_html --uri=sroy.makinitmag.com --quiet cron)
Apr 22 08:10:01 elbow postfix/pickup[13542]: A61B484953: uid=1021 from=<sroy>
Apr 22 08:10:01 elbow postfix/qmgr[1317]: A61B484953: from=<sroy@elbow.makinitmag.com>, size=2246, nrcpt=1 (queue active)
Apr 22 08:10:01 elbow postfix/local[13595]: A61B484953: to=<sroy@elbow.makinitmag.com>, orig_to=<sroy>, relay=local, delay=0.18, delays=0.08/0.08/0/0.02, dsn=2.0.0, status=sent (delivered to mailbox)
Apr 22 08:30:01 elbow CRON[16185]: (sroy) CMD (/usr/bin/env PATH=/usr/local/sbin:/usr/local/bin:/usr/sbin:/usr/bin:/sbin:/bin COLUMNS=72 /usr/bin/drush --root=/home/sroy/public_html --uri=sroy.makinitmag.com --quiet cron)
Apr 22 08:30:01 elbow postfix/pickup[13542]: A4DFA84953: uid=1021 from=<sroy>
Apr 22 08:30:01 elbow postfix/qmgr[1317]: A4DFA84953: from=<sroy@elbow.makinitmag.com>, size=2246, nrcpt=1 (queue active)
Apr 22 08:30:01 elbow postfix/local[16214]: A4DFA84953: to=<sroy@elbow.makinitmag.com>, orig_to=<sroy>, relay=local, delay=0.1, delays=0.08/0.02/0/0.01, dsn=2.0.0, status=sent (delivered to mailbox)
Apr 22 09:10:01 elbow CRON[20548]: (sroy) CMD (/usr/bin/env PATH=/usr/local/sbin:/usr/local/bin:/usr/sbin:/usr/bin:/sbin:/bin COLUMNS=72 /usr/bin/drush --root=/home/sroy/public_html --uri=sroy.makinitmag.com --quiet cron)
Apr 22 09:10:02 elbow postfix/pickup[13542]: 0114984953: uid=1021 from=<sroy>
Apr 22 09:10:02 elbow postfix/qmgr[1317]: 0114984953: from=<sroy@elbow.makinitmag.com>, size=2246, nrcpt=1 (queue active)
Apr 22 09:10:02 elbow postfix/local[20583]: 0114984953: to=<sroy@elbow.makinitmag.com>, orig_to=<sroy>, relay=local, delay=0.15, delays=0.12/0.02/0/0.01, dsn=2.0.0, status=sent (delivered to mailbox)
Apr 22 09:30:01 elbow CRON[22510]: (sroy) CMD (/usr/bin/env PATH=/usr/local/sbin:/usr/local/bin:/usr/sbin:/usr/bin:/sbin:/bin COLUMNS=72 /usr/bin/drush --root=/home/sroy/public_html --uri=sroy.makinitmag.com --quiet cron)
Apr 22 09:30:02 elbow postfix/pickup[13542]: 0E29884953: uid=1021 from=<sroy>
Apr 22 09:30:02 elbow postfix/qmgr[1317]: 0E29884953: from=<sroy@elbow.makinitmag.com>, size=2246, nrcpt=1 (queue active)
Apr 22 09:30:02 elbow postfix/local[22536]: 0E29884953: to=<sroy@elbow.makinitmag.com>, orig_to=<sroy>, relay=local, delay=0.1, delays=0.07/0.02/0/0, dsn=2.0.0, status=sent (delivered to mailbox)
Apr 22 10:10:01 elbow CRON[26250]: (sroy) CMD (/usr/bin/env PATH=/usr/local/sbin:/usr/local/bin:/usr/sbin:/usr/bin:/sbin:/bin COLUMNS=72 /usr/bin/drush --root=/home/sroy/public_html --uri=sroy.makinitmag.com --quiet cron)
Apr 22 10:10:02 elbow postfix/pickup[23927]: 75EFA84953: uid=1021 from=<sroy>
Apr 22 10:10:02 elbow postfix/qmgr[1317]: 75EFA84953: from=<sroy@elbow.makinitmag.com>, size=2246, nrcpt=1 (queue active)
Apr 22 10:10:02 elbow postfix/local[26287]: 75EFA84953: to=<sroy@elbow.makinitmag.com>, orig_to=<sroy>, relay=local, delay=0.25, delays=0.17/0.02/0/0.05, dsn=2.0.0, status=sent (delivered to mailbox)
Apr 22 10:30:01 elbow CRON[28197]: (sroy) CMD (/usr/bin/env PATH=/usr/local/sbin:/usr/local/bin:/usr/sbin:/usr/bin:/sbin:/bin COLUMNS=72 /usr/bin/drush --root=/home/sroy/public_html --uri=sroy.makinitmag.com --quiet cron)
Apr 22 10:30:01 elbow postfix/pickup[23927]: 851C384953: uid=1021 from=<sroy>
Apr 22 10:30:01 elbow postfix/qmgr[1317]: 851C384953: from=<sroy@elbow.makinitmag.com>, size=2246, nrcpt=1 (queue active)
Apr 22 10:30:01 elbow postfix/local[28220]: 851C384953: to=<sroy@elbow.makinitmag.com>, orig_to=<sroy>, relay=local, delay=0.05, delays=0.02/0.01/0/0.02, dsn=2.0.0, status=sent (delivered to mailbox)
Apr 22 11:10:01 elbow CRON[31874]: (sroy) CMD (/usr/bin/env PATH=/usr/local/sbin:/usr/local/bin:/usr/sbin:/usr/bin:/sbin:/bin COLUMNS=72 /usr/bin/drush --root=/home/sroy/public_html --uri=sroy.makinitmag.com --quiet cron)
Apr 22 11:10:02 elbow postfix/pickup[23927]: 61F7884953: uid=1021 from=<sroy>
Apr 22 11:10:02 elbow postfix/qmgr[1317]: 61F7884953: from=<sroy@elbow.makinitmag.com>, size=2246, nrcpt=1 (queue active)
Apr 22 11:10:02 elbow postfix/local[31909]: 61F7884953: to=<sroy@elbow.makinitmag.com>, orig_to=<sroy>, relay=local, delay=0.09, delays=0.06/0.03/0/0.01, dsn=2.0.0, status=sent (delivered to mailbox)
Apr 22 11:30:01 elbow CRON[1286]: (sroy) CMD (/usr/bin/env PATH=/usr/local/sbin:/usr/local/bin:/usr/sbin:/usr/bin:/sbin:/bin COLUMNS=72 /usr/bin/drush --root=/home/sroy/public_html --uri=sroy.makinitmag.com --quiet cron)
Apr 22 11:30:01 elbow postfix/pickup[328]: E1EB484953: uid=1021 from=<sroy>
Apr 22 11:30:01 elbow postfix/qmgr[1317]: E1EB484953: from=<sroy@elbow.makinitmag.com>, size=2246, nrcpt=1 (queue active)
Apr 22 11:30:02 elbow postfix/local[1325]: E1EB484953: to=<sroy@elbow.makinitmag.com>, orig_to=<sroy>, relay=local, delay=0.11, delays=0.08/0.02/0/0.01, dsn=2.0.0, status=sent (delivered to mailbox)
Apr 22 12:10:01 elbow CRON[4979]: (sroy) CMD (/usr/bin/env PATH=/usr/local/sbin:/usr/local/bin:/usr/sbin:/usr/bin:/sbin:/bin COLUMNS=72 /usr/bin/drush --root=/home/sroy/public_html --uri=sroy.makinitmag.com --quiet cron)
Apr 22 12:10:02 elbow postfix/pickup[328]: 41DAB84953: uid=1021 from=<sroy>
Apr 22 12:10:02 elbow postfix/qmgr[1317]: 41DAB84953: from=<sroy@elbow.makinitmag.com>, size=2246, nrcpt=1 (queue active)
Apr 22 12:10:02 elbow postfix/local[5051]: 41DAB84953: to=<sroy@elbow.makinitmag.com>, orig_to=<sroy>, relay=local, delay=0.11, delays=0.08/0.01/0/0.01, dsn=2.0.0, status=sent (delivered to mailbox)
Apr 22 12:30:01 elbow CRON[6897]: (sroy) CMD (/usr/bin/env PATH=/usr/local/sbin:/usr/local/bin:/usr/sbin:/usr/bin:/sbin:/bin COLUMNS=72 /usr/bin/drush --root=/home/sroy/public_html --uri=sroy.makinitmag.com --quiet cron)
Apr 22 12:30:02 elbow postfix/pickup[328]: 861AF84953: uid=1021 from=<sroy>
Apr 22 12:30:02 elbow postfix/qmgr[1317]: 861AF84953: from=<sroy@elbow.makinitmag.com>, size=2246, nrcpt=1 (queue active)
Apr 22 12:30:02 elbow postfix/local[6932]: 861AF84953: to=<sroy@elbow.makinitmag.com>, orig_to=<sroy>, relay=local, delay=0.21, delays=0.13/0.08/0/0, dsn=2.0.0, status=sent (delivered to mailbox)
Apr 22 13:10:01 elbow CRON[10692]: (sroy) CMD (/usr/bin/env PATH=/usr/local/sbin:/usr/local/bin:/usr/sbin:/usr/bin:/sbin:/bin COLUMNS=72 /usr/bin/drush --root=/home/sroy/public_html --uri=sroy.makinitmag.com --quiet cron)
Apr 22 13:10:01 elbow postfix/pickup[9537]: 8836B84953: uid=1021 from=<sroy>
Apr 22 13:10:01 elbow postfix/qmgr[1317]: 8836B84953: from=<sroy@elbow.makinitmag.com>, size=2246, nrcpt=1 (queue active)
Apr 22 13:10:01 elbow postfix/local[10729]: 8836B84953: to=<sroy@elbow.makinitmag.com>, orig_to=<sroy>, relay=local, delay=0.11, delays=0.09/0.01/0/0.01, dsn=2.0.0, status=sent (delivered to mailbox)
Apr 22 13:30:01 elbow CRON[12663]: (sroy) CMD (/usr/bin/env PATH=/usr/local/sbin:/usr/local/bin:/usr/sbin:/usr/bin:/sbin:/bin COLUMNS=72 /usr/bin/drush --root=/home/sroy/public_html --uri=sroy.makinitmag.com --quiet cron)
Apr 22 13:30:02 elbow postfix/pickup[9537]: A86D584953: uid=1021 from=<sroy>
Apr 22 13:30:02 elbow postfix/qmgr[1317]: A86D584953: from=<sroy@elbow.makinitmag.com>, size=2246, nrcpt=1 (queue active)
Apr 22 13:30:03 elbow postfix/local[12717]: A86D584953: to=<sroy@elbow.makinitmag.com>, orig_to=<sroy>, relay=local, delay=0.46, delays=0.19/0.19/0/0.08, dsn=2.0.0, status=sent (delivered to mailbox)
Apr 22 14:10:01 elbow CRON[16377]: (sroy) CMD (/usr/bin/env PATH=/usr/local/sbin:/usr/local/bin:/usr/sbin:/usr/bin:/sbin:/bin COLUMNS=72 /usr/bin/drush --root=/home/sroy/public_html --uri=sroy.makinitmag.com --quiet cron)
Apr 22 14:10:01 elbow postfix/pickup[9537]: 7E21E84953: uid=1021 from=<sroy>
Apr 22 14:10:01 elbow postfix/qmgr[1317]: 7E21E84953: from=<sroy@elbow.makinitmag.com>, size=2246, nrcpt=1 (queue active)
Apr 22 14:10:01 elbow postfix/local[16406]: 7E21E84953: to=<sroy@elbow.makinitmag.com>, orig_to=<sroy>, relay=local, delay=0.1, delays=0.07/0.01/0/0.02, dsn=2.0.0, status=sent (delivered to mailbox)
Apr 22 14:30:01 elbow CRON[18208]: (sroy) CMD (/usr/bin/env PATH=/usr/local/sbin:/usr/local/bin:/usr/sbin:/usr/bin:/sbin:/bin COLUMNS=72 /usr/bin/drush --root=/home/sroy/public_html --uri=sroy.makinitmag.com --quiet cron)
Apr 22 14:30:01 elbow postfix/pickup[9537]: D374984953: uid=1021 from=<sroy>
Apr 22 14:30:01 elbow postfix/qmgr[1317]: D374984953: from=<sroy@elbow.makinitmag.com>, size=2246, nrcpt=1 (queue active)
Apr 22 14:30:01 elbow postfix/local[18247]: D374984953: to=<sroy@elbow.makinitmag.com>, orig_to=<sroy>, relay=local, delay=0.13, delays=0.1/0.02/0/0.01, dsn=2.0.0, status=sent (delivered to mailbox)
Apr 22 15:10:01 elbow CRON[22026]: (sroy) CMD (/usr/bin/env PATH=/usr/local/sbin:/usr/local/bin:/usr/sbin:/usr/bin:/sbin:/bin COLUMNS=72 /usr/bin/drush --root=/home/sroy/public_html --uri=sroy.makinitmag.com --quiet cron)
Apr 22 15:10:02 elbow postfix/pickup[18614]: 08C6484953: uid=1021 from=<sroy>
Apr 22 15:10:02 elbow postfix/qmgr[1317]: 08C6484953: from=<sroy@elbow.makinitmag.com>, size=2246, nrcpt=1 (queue active)
Apr 22 15:10:02 elbow postfix/local[22063]: 08C6484953: to=<sroy@elbow.makinitmag.com>, orig_to=<sroy>, relay=local, delay=0.34, delays=0.32/0.01/0/0.01, dsn=2.0.0, status=sent (delivered to mailbox)
Apr 22 15:30:01 elbow CRON[23835]: (sroy) CMD (/usr/bin/env PATH=/usr/local/sbin:/usr/local/bin:/usr/sbin:/usr/bin:/sbin:/bin COLUMNS=72 /usr/bin/drush --root=/home/sroy/public_html --uri=sroy.makinitmag.com --quiet cron)
Apr 22 15:30:02 elbow postfix/pickup[18614]: 6C30A84953: uid=1021 from=<sroy>
Apr 22 15:30:02 elbow postfix/qmgr[1317]: 6C30A84953: from=<sroy@elbow.makinitmag.com>, size=2246, nrcpt=1 (queue active)
Apr 22 15:30:02 elbow postfix/local[23870]: 6C30A84953: to=<sroy@elbow.makinitmag.com>, orig_to=<sroy>, relay=local, delay=0.15, delays=0.11/0.03/0/0.01, dsn=2.0.0, status=sent (delivered to mailbox)
Apr 22 16:10:01 elbow CRON[27611]: (sroy) CMD (/usr/bin/env PATH=/usr/local/sbin:/usr/local/bin:/usr/sbin:/usr/bin:/sbin:/bin COLUMNS=72 /usr/bin/drush --root=/home/sroy/public_html --uri=sroy.makinitmag.com --quiet cron)
Apr 22 16:10:02 elbow postfix/pickup[18614]: 022BA84953: uid=1021 from=<sroy>
Apr 22 16:10:02 elbow postfix/qmgr[1317]: 022BA84953: from=<sroy@elbow.makinitmag.com>, size=2246, nrcpt=1 (queue active)
Apr 22 16:10:02 elbow postfix/local[27645]: 022BA84953: to=<sroy@elbow.makinitmag.com>, orig_to=<sroy>, relay=local, delay=0.09, delays=0.06/0.02/0/0.01, dsn=2.0.0, status=sent (delivered to mailbox)
Apr 22 16:30:01 elbow CRON[29394]: (sroy) CMD (/usr/bin/env PATH=/usr/local/sbin:/usr/local/bin:/usr/sbin:/usr/bin:/sbin:/bin COLUMNS=72 /usr/bin/drush --root=/home/sroy/public_html --uri=sroy.makinitmag.com --quiet cron)
Apr 22 16:30:01 elbow postfix/pickup[27718]: AECBC84953: uid=1021 from=<sroy>
Apr 22 16:30:01 elbow postfix/qmgr[1317]: AECBC84953: from=<sroy@elbow.makinitmag.com>, size=2246, nrcpt=1 (queue active)
Apr 22 16:30:01 elbow postfix/local[29428]: AECBC84953: to=<sroy@elbow.makinitmag.com>, orig_to=<sroy>, relay=local, delay=0.09, delays=0.06/0.01/0/0.01, dsn=2.0.0, status=sent (delivered to mailbox)
Apr 22 17:10:01 elbow CRON[1242]: (sroy) CMD (/usr/bin/env PATH=/usr/local/sbin:/usr/local/bin:/usr/sbin:/usr/bin:/sbin:/bin COLUMNS=72 /usr/bin/drush --root=/home/sroy/public_html --uri=sroy.makinitmag.com --quiet cron)
Apr 22 17:10:02 elbow postfix/pickup[27718]: A658584952: uid=1021 from=<sroy>
Apr 22 17:10:02 elbow postfix/qmgr[1317]: A658584952: from=<sroy@elbow.makinitmag.com>, size=2246, nrcpt=1 (queue active)
Apr 22 17:10:02 elbow postfix/local[1274]: A658584952: to=<sroy@elbow.makinitmag.com>, orig_to=<sroy>, relay=local, delay=0.5, delays=0.31/0.11/0/0.07, dsn=2.0.0, status=sent (delivered to mailbox)
Apr 22 17:15:43 elbow sroy: Now using logger
Apr 22 17:16:58 elbow sroy: Subject: Cron <root@elbow> /etc/webmin/package-updates/update.pl
Apr 22 17:16:58 elbow sroy: Content-Type: text/plain; charset=ANSI_X3.4-1968
Apr 22 17:16:58 elbow sroy: X-Cron-Env: <SHELL=/bin/sh>
Apr 22 17:16:58 elbow sroy: X-Cron-Env: <HOME=/root>
Apr 22 17:16:58 elbow sroy: X-Cron-Env: <PATH=/usr/bin:/bin>
Apr 22 17:16:58 elbow sroy: X-Cron-Env: <LOGNAME=root>
Apr 22 17:16:58 elbow sroy: Message-Id: <20150404022202.28F0084953@elbow.makinitmag.com>
Apr 22 17:16:58 elbow sroy: Date: Fri,  3 Apr 2015 22:22:02 -0400 (EDT)
Apr 22 17:16:58 elbow sroy: 
Apr 22 17:16:58 elbow sroy: Error: SMTP command  failed :
Apr 22 17:16:58 elbow sroy: Error
Apr 22 17:16:58 elbow sroy: -----
Apr 22 17:16:58 elbow sroy: SMTP command  failed :
Apr 22 17:16:58 elbow sroy: -----
Apr 22 17:16:58 elbow sroy: ?  q
Apr 22 17:16:58 elbow sroy: Saved 1 message in /home/sroy/mbox
Apr 22 17:16:58 elbow sroy: Held 342 messages in /var/mail/sroy
Apr 22 17:16:58 elbow sroy: sroy@elbow:~$ ls
Apr 22 17:16:58 elbow sroy: BACKUPS         hardcopy.1  menu.sh          pantheon-helper-sync.sh     rsync.pantheon
Apr 22 17:16:58 elbow sroy: CUSTOM_MODULES  htaccess    mimsum           PATCHES                     settings.php
Apr 22 17:16:58 elbow sroy: drush-backups   log         MISC_FILES       public_html
Apr 22 17:16:58 elbow sroy: hardcopy.0      mbox        pantheon-helper  rsync-exclude-pantheon.txt
Apr 22 17:16:58 elbow sroy: You have new mail in /var/mail/sroy
Apr 22 17:16:58 elbow sroy: sroy@elbow:~$
